<?xml version="1.0" encoding="UTF-8"?>
<testng-results skipped="0" failed="0" total="26" passed="26">
  <reporter-output>
  </reporter-output>
  <suite name="Command line suite" duration-ms="314" started-at="2014-07-30T18:39:31Z" finished-at="2014-07-30T18:39:32Z">
    <groups>
    </groups>
    <test name="Command line test" duration-ms="314" started-at="2014-07-30T18:39:31Z" finished-at="2014-07-30T18:39:32Z">
      <class name="net.smartcosmos.pojo.JsonTest">
        <test-method status="PASS" signature="testAccount()" name="testAccount" duration-ms="34" started-at="2014-07-30T18:39:32Z" finished-at="2014-07-30T18:39:32Z">
        </test-method>
        <test-method status="PASS" signature="testJsonMetadataObject()" name="testJsonMetadataObject" duration-ms="33" started-at="2014-07-30T18:39:32Z" finished-at="2014-07-30T18:39:32Z">
        </test-method>
        <test-method status="PASS" signature="testMetadataObject()" name="testMetadataObject" duration-ms="1" started-at="2014-07-30T18:39:32Z" finished-at="2014-07-30T18:39:32Z">
        </test-method>
      </class>
      <class name="net.smartcosmos.pojo.SignatureTest">
        <test-method status="PASS" signature="testSignature()" name="testSignature" duration-ms="16" started-at="2014-07-30T18:39:32Z" finished-at="2014-07-30T18:39:32Z">
        </test-method>
      </class>
      <class name="net.smartcosmos.geo.GeoJsonTest">
        <test-method status="PASS" signature="testBbox()" name="testBbox" duration-ms="133" started-at="2014-07-30T18:39:31Z" finished-at="2014-07-30T18:39:31Z">
        </test-method>
        <test-method status="PASS" signature="testFeatureCollection()" name="testFeatureCollection" duration-ms="6" started-at="2014-07-30T18:39:31Z" finished-at="2014-07-30T18:39:31Z">
        </test-method>
        <test-method status="PASS" signature="testFeatureCollectionBothWays()" name="testFeatureCollectionBothWays" duration-ms="45" started-at="2014-07-30T18:39:31Z" finished-at="2014-07-30T18:39:32Z">
        </test-method>
        <test-method status="PASS" signature="testGeometricCollection()" name="testGeometricCollection" duration-ms="10" started-at="2014-07-30T18:39:32Z" finished-at="2014-07-30T18:39:32Z">
        </test-method>
        <test-method status="PASS" signature="testLineString()" name="testLineString" duration-ms="1" started-at="2014-07-30T18:39:32Z" finished-at="2014-07-30T18:39:32Z">
        </test-method>
        <test-method status="PASS" signature="testLinkedCrs()" name="testLinkedCrs" duration-ms="2" started-at="2014-07-30T18:39:32Z" finished-at="2014-07-30T18:39:32Z">
        </test-method>
        <test-method status="PASS" signature="testMultiPolygon()" name="testMultiPolygon" duration-ms="2" started-at="2014-07-30T18:39:32Z" finished-at="2014-07-30T18:39:32Z">
        </test-method>
        <test-method status="PASS" signature="testMultilineString()" name="testMultilineString" duration-ms="1" started-at="2014-07-30T18:39:32Z" finished-at="2014-07-30T18:39:32Z">
        </test-method>
        <test-method status="PASS" signature="testMultipoint()" name="testMultipoint" duration-ms="0" started-at="2014-07-30T18:39:32Z" finished-at="2014-07-30T18:39:32Z">
        </test-method>
        <test-method status="PASS" signature="testNamedCrs()" name="testNamedCrs" duration-ms="0" started-at="2014-07-30T18:39:32Z" finished-at="2014-07-30T18:39:32Z">
        </test-method>
        <test-method status="PASS" signature="testPoint()" name="testPoint" duration-ms="0" started-at="2014-07-30T18:39:32Z" finished-at="2014-07-30T18:39:32Z">
        </test-method>
        <test-method status="PASS" signature="testPolygon()" name="testPolygon" duration-ms="0" started-at="2014-07-30T18:39:32Z" finished-at="2014-07-30T18:39:32Z">
        </test-method>
        <test-method status="PASS" signature="testPolygonWithHoles()" name="testPolygonWithHoles" duration-ms="0" started-at="2014-07-30T18:39:32Z" finished-at="2014-07-30T18:39:32Z">
        </test-method>
      </class>
      <class name="net.smartcosmos.pojo.MapperTest">
        <test-method status="PASS" signature="testBinaryEncodeDecode()" name="testBinaryEncodeDecode" duration-ms="1" started-at="2014-07-30T18:39:32Z" finished-at="2014-07-30T18:39:32Z">
        </test-method>
        <test-method status="PASS" signature="testBooleanMapper()" name="testBooleanMapper" duration-ms="0" started-at="2014-07-30T18:39:32Z" finished-at="2014-07-30T18:39:32Z">
        </test-method>
        <test-method status="PASS" signature="testDateMapper()" name="testDateMapper" duration-ms="1" started-at="2014-07-30T18:39:32Z" finished-at="2014-07-30T18:39:32Z">
        </test-method>
        <test-method status="PASS" signature="testDoubleMapper()" name="testDoubleMapper" duration-ms="1" started-at="2014-07-30T18:39:32Z" finished-at="2014-07-30T18:39:32Z">
        </test-method>
        <test-method status="PASS" signature="testFloatMapper()" name="testFloatMapper" duration-ms="1" started-at="2014-07-30T18:39:32Z" finished-at="2014-07-30T18:39:32Z">
        </test-method>
        <test-method status="PASS" signature="testIntegerMapper()" name="testIntegerMapper" duration-ms="1" started-at="2014-07-30T18:39:32Z" finished-at="2014-07-30T18:39:32Z">
        </test-method>
        <test-method status="PASS" signature="testJsonMapper()" name="testJsonMapper" duration-ms="1" started-at="2014-07-30T18:39:32Z" finished-at="2014-07-30T18:39:32Z">
        </test-method>
        <test-method status="PASS" signature="testLongMapper()" name="testLongMapper" duration-ms="0" started-at="2014-07-30T18:39:32Z" finished-at="2014-07-30T18:39:32Z">
        </test-method>
        <test-method status="PASS" signature="testStringMapper()" name="testStringMapper" duration-ms="0" started-at="2014-07-30T18:39:32Z" finished-at="2014-07-30T18:39:32Z">
        </test-method>
      </class>
    </test>
  </suite>
</testng-results>
