<?xml version="1.0" encoding="UTF-8"?>
<testng-results skipped="0" failed="0" total="26" passed="26">
  <reporter-output>
  </reporter-output>
  <suite name="Command line suite" duration-ms="295" started-at="2014-04-07T18:47:40Z" finished-at="2014-04-07T18:47:41Z">
    <groups>
    </groups>
    <test name="Command line test" duration-ms="295" started-at="2014-04-07T18:47:40Z" finished-at="2014-04-07T18:47:41Z">
      <class name="com.snapbundle.geo.GeoJsonTest">
        <test-method status="PASS" signature="testBbox()" name="testBbox" duration-ms="120" started-at="2014-04-07T18:47:40Z" finished-at="2014-04-07T18:47:40Z">
        </test-method>
        <test-method status="PASS" signature="testFeatureCollection()" name="testFeatureCollection" duration-ms="3" started-at="2014-04-07T18:47:40Z" finished-at="2014-04-07T18:47:40Z">
        </test-method>
        <test-method status="PASS" signature="testFeatureCollectionBothWays()" name="testFeatureCollectionBothWays" duration-ms="47" started-at="2014-04-07T18:47:40Z" finished-at="2014-04-07T18:47:40Z">
        </test-method>
        <test-method status="PASS" signature="testGeometricCollection()" name="testGeometricCollection" duration-ms="10" started-at="2014-04-07T18:47:40Z" finished-at="2014-04-07T18:47:40Z">
        </test-method>
        <test-method status="PASS" signature="testLineString()" name="testLineString" duration-ms="1" started-at="2014-04-07T18:47:40Z" finished-at="2014-04-07T18:47:40Z">
        </test-method>
        <test-method status="PASS" signature="testLinkedCrs()" name="testLinkedCrs" duration-ms="1" started-at="2014-04-07T18:47:40Z" finished-at="2014-04-07T18:47:40Z">
        </test-method>
        <test-method status="PASS" signature="testMultiPolygon()" name="testMultiPolygon" duration-ms="1" started-at="2014-04-07T18:47:40Z" finished-at="2014-04-07T18:47:40Z">
        </test-method>
        <test-method status="PASS" signature="testMultilineString()" name="testMultilineString" duration-ms="0" started-at="2014-04-07T18:47:40Z" finished-at="2014-04-07T18:47:40Z">
        </test-method>
        <test-method status="PASS" signature="testMultipoint()" name="testMultipoint" duration-ms="0" started-at="2014-04-07T18:47:40Z" finished-at="2014-04-07T18:47:40Z">
        </test-method>
        <test-method status="PASS" signature="testNamedCrs()" name="testNamedCrs" duration-ms="0" started-at="2014-04-07T18:47:40Z" finished-at="2014-04-07T18:47:40Z">
        </test-method>
        <test-method status="PASS" signature="testPolygon()" name="testPolygon" duration-ms="1" started-at="2014-04-07T18:47:40Z" finished-at="2014-04-07T18:47:40Z">
        </test-method>
        <test-method status="PASS" signature="testPoint()" name="testPoint" duration-ms="0" started-at="2014-04-07T18:47:40Z" finished-at="2014-04-07T18:47:40Z">
        </test-method>
        <test-method status="PASS" signature="testPolygonWithHoles()" name="testPolygonWithHoles" duration-ms="0" started-at="2014-04-07T18:47:40Z" finished-at="2014-04-07T18:47:40Z">
        </test-method>
      </class>
      <class name="com.snapbundle.pojo.SignatureTest">
        <test-method status="PASS" signature="testSignature()" name="testSignature" duration-ms="17" started-at="2014-04-07T18:47:41Z" finished-at="2014-04-07T18:47:41Z">
        </test-method>
      </class>
      <class name="com.snapbundle.pojo.MapperTest">
        <test-method status="PASS" signature="testBinaryEncodeDecode()" name="testBinaryEncodeDecode" duration-ms="0" started-at="2014-04-07T18:47:40Z" finished-at="2014-04-07T18:47:40Z">
        </test-method>
        <test-method status="PASS" signature="testBooleanMapper()" name="testBooleanMapper" duration-ms="1" started-at="2014-04-07T18:47:41Z" finished-at="2014-04-07T18:47:41Z">
        </test-method>
        <test-method status="PASS" signature="testDateMapper()" name="testDateMapper" duration-ms="1" started-at="2014-04-07T18:47:41Z" finished-at="2014-04-07T18:47:41Z">
        </test-method>
        <test-method status="PASS" signature="testDoubleMapper()" name="testDoubleMapper" duration-ms="0" started-at="2014-04-07T18:47:41Z" finished-at="2014-04-07T18:47:41Z">
        </test-method>
        <test-method status="PASS" signature="testFloatMapper()" name="testFloatMapper" duration-ms="2" started-at="2014-04-07T18:47:41Z" finished-at="2014-04-07T18:47:41Z">
        </test-method>
        <test-method status="PASS" signature="testIntegerMapper()" name="testIntegerMapper" duration-ms="2" started-at="2014-04-07T18:47:41Z" finished-at="2014-04-07T18:47:41Z">
        </test-method>
        <test-method status="PASS" signature="testJsonMapper()" name="testJsonMapper" duration-ms="1" started-at="2014-04-07T18:47:41Z" finished-at="2014-04-07T18:47:41Z">
        </test-method>
        <test-method status="PASS" signature="testLongMapper()" name="testLongMapper" duration-ms="1" started-at="2014-04-07T18:47:41Z" finished-at="2014-04-07T18:47:41Z">
        </test-method>
        <test-method status="PASS" signature="testStringMapper()" name="testStringMapper" duration-ms="1" started-at="2014-04-07T18:47:41Z" finished-at="2014-04-07T18:47:41Z">
        </test-method>
      </class>
      <class name="com.snapbundle.pojo.JsonTest">
        <test-method status="PASS" signature="testAccount()" name="testAccount" duration-ms="36" started-at="2014-04-07T18:47:40Z" finished-at="2014-04-07T18:47:40Z">
        </test-method>
        <test-method status="PASS" signature="testJsonMetadataObject()" name="testJsonMetadataObject" duration-ms="24" started-at="2014-04-07T18:47:40Z" finished-at="2014-04-07T18:47:40Z">
        </test-method>
        <test-method status="PASS" signature="testMetadataObject()" name="testMetadataObject" duration-ms="0" started-at="2014-04-07T18:47:40Z" finished-at="2014-04-07T18:47:40Z">
        </test-method>
      </class>
    </test>
  </suite>
</testng-results>
